<?xml version="1.0" encoding="UTF-8"?>
<!-- Generated by org.testng.reporters.JUnitReportReporter -->
<testsuite hostname="KALYAN-AU1R79JD" failures="0" tests="1" name="testCases.TC002_LoginTest" time="14.236" errors="0" timestamp="2024-06-29T21:58:28 IST" skipped="0">
  <testcase classname="testCases.TC002_LoginTest" name="verifyLogin" time="14.236"/>
</testsuite> <!-- testCases.TC002_LoginTest -->
